{
  "RSpec": {
    "coverage": {
      "/Users/chriseadie/Documents/Projects/Week6/MakersBnB/spec/features/create_listing_spec.rb": {
        "lines": [
          1,
          null,
          1,
          1,
          1,
          1,
          1,
          1,
          1,
          1,
          null,
          null
        ]
      },
      "/Users/chriseadie/Documents/Projects/Week6/MakersBnB/spec/features/viewing_listings_spec.rb": {
        "lines": [
          1,
          null,
          1,
          1,
          1,
          1,
          1,
          1,
          1,
          1,
          null,
          1,
          null,
          null
        ]
      }
    },
    "timestamp": 1582568535
  }
}
