{
  "RSpec": {
    "coverage": {
      "/Users/student/makers_stuff/projects/week_6/MakersBnB/spec/features/login_spec.rb": {
        "lines": [
          1,
          null,
          1,
          null,
          1,
          1,
          1,
          1,
          1,
          1,
          1,
          null,
          null,
          1,
          1,
          1,
          1,
          1,
          1,
          1,
          null,
          null,
          null
        ]
      },
      "/Users/student/makers_stuff/projects/week_6/MakersBnB/spec/webhelpers.rb": {
        "lines": [
          1,
          3,
          3,
          3,
          3,
          null
        ]
      },
      "/Users/student/makers_stuff/projects/week_6/MakersBnB/spec/features/signup_spec.rb": {
        "lines": [
          1,
          null,
          1,
          1,
          1,
          1,
          null,
          null
        ]
      }
    },
    "timestamp": 1582621977
  }
}
